<?xml version="1.0" encoding="UTF-8"?>
<!-- Generated by org.testng.reporters.JUnitXMLReporter -->
<testsuite ignored="0" hostname="Nidhis-MacBook-Pro.local" failures="0" tests="3" name="Default test" time="0.396" errors="0" timestamp="2025-05-09T17:06:39 MST">
  <testcase classname="day42.FirstTestCase" name="login" time="0.208"/>
  <testcase classname="day42.FirstTestCase" name="logout" time="0.006"/>
  <testcase classname="day42.FirstTestCase" name="opeapp" time="0.003"/>
</testsuite> <!-- Default test -->
