<?xml version="1.0" encoding="UTF-8"?>
<!-- Generated by org.testng.reporters.JUnitXMLReporter -->
<testsuite ignored="3" hostname="Nidhis-MacBook-Pro.local" failures="0" tests="5" name="groupingtes" time="0.329" errors="0" timestamp="2024-11-14T12:03:19 MST">
  <testcase classname="day44_dependencyMethods.LoginTest" name="loginByEmail" time="0.142"/>
  <testcase classname="day44_dependencyMethods.LoginTest" name="loginByFacebook" time="0.006"/>
  <testcase classname="day44_dependencyMethods.LoginTest" name="loginBytwitter" time="0.003"/>
  <testcase classname="day44_dependencyMethods.PaymentTests" name="paymentinRupees" time="0.003"/>
  <testcase classname="day44_dependencyMethods.PaymentTests" name="paymentindollar" time="0.003"/>
  <testcase classname="day44_dependencyMethods.SignupTests" name="signupbyfacebook" time="0.0">
    <ignored/>
  </testcase> <!-- signupbyfacebook -->
  <testcase classname="day44_dependencyMethods.SignupTests" name="signupbyemail" time="0.0">
    <ignored/>
  </testcase> <!-- signupbyemail -->
  <testcase classname="day44_dependencyMethods.SignupTests" name="signupbytwitter" time="0.0">
    <ignored/>
  </testcase> <!-- signupbytwitter -->
</testsuite> <!-- groupingtes -->
