<?xml version="1.0" encoding="UTF-8"?>
<!-- Generated by org.testng.reporters.JUnitXMLReporter -->
<testsuite ignored="6" hostname="Nidhis-MacBook-Pro.local" failures="0" tests="2" name="groupingtes" time="0.164" errors="0" timestamp="2024-08-01T16:35:30 MST">
  <testcase classname="day44_dependencyMethods.PaymentTests" name="paymentinRupees" time="0.015"/>
  <testcase classname="day44_dependencyMethods.PaymentTests" name="paymentindollar" time="0.003"/>
  <testcase classname="day44_dependencyMethods.LoginTest" name="loginBytwitter" time="0.0">
    <ignored/>
  </testcase> <!-- loginBytwitter -->
  <testcase classname="day44_dependencyMethods.LoginTest" name="loginByFacebook" time="0.0">
    <ignored/>
  </testcase> <!-- loginByFacebook -->
  <testcase classname="day44_dependencyMethods.SignupTests" name="signupbyemail" time="0.0">
    <ignored/>
  </testcase> <!-- signupbyemail -->
  <testcase classname="day44_dependencyMethods.SignupTests" name="signupbytwitter" time="0.0">
    <ignored/>
  </testcase> <!-- signupbytwitter -->
  <testcase classname="day44_dependencyMethods.SignupTests" name="signupbyfacebook" time="0.0">
    <ignored/>
  </testcase> <!-- signupbyfacebook -->
  <testcase classname="day44_dependencyMethods.LoginTest" name="loginByEmail" time="0.0">
    <ignored/>
  </testcase> <!-- loginByEmail -->
</testsuite> <!-- groupingtes -->
