<?xml version="1.0" encoding="UTF-8"?>
<!-- Generated by org.testng.reporters.JUnitXMLReporter -->
<testsuite ignored="0" hostname="Nidhis-MacBook-Pro.local" failures="0" tests="3" name="chrometest" time="53.199" errors="0" timestamp="2024-08-03T13:31:01 MST">
  <testcase classname="ParallelTesting.ParamTest" name="testLogo" time="0.391"/>
  <testcase classname="ParallelTesting.ParamTest" name="testTitle" time="0.024"/>
  <testcase classname="ParallelTesting.ParamTest" name="testURL" time="0.036"/>
</testsuite> <!-- chrometest -->
