<?xml version="1.0" encoding="UTF-8"?>
<!-- Generated by org.testng.reporters.JUnitXMLReporter -->
<testsuite ignored="0" hostname="Nidhis-MacBook-Pro.local" failures="0" tests="3" name="edgetest" time="57.86" errors="0" timestamp="2024-08-03T13:31:05 MST">
  <testcase classname="ParallelTesting.ParamTest" name="testLogo" time="0.444"/>
  <testcase classname="ParallelTesting.ParamTest" name="testTitle" time="0.014"/>
  <testcase classname="ParallelTesting.ParamTest" name="testURL" time="0.024"/>
</testsuite> <!-- edgetest -->
