<?xml version="1.0" encoding="UTF-8"?>
<!-- Generated by org.testng.reporters.JUnitXMLReporter -->
<testsuite ignored="0" hostname="Nidhis-MacBook-Pro.local" failures="0" tests="3" name="safaritest" time="23.621" errors="0" timestamp="2024-08-01T16:49:43 MST">
  <testcase classname="ParallelTesting.ParamTest" name="testLogo" time="0.0">
    <skipped/>
  </testcase> <!-- testLogo -->
  <testcase classname="ParallelTesting.ParamTest" name="testTitle" time="0.0">
    <skipped/>
  </testcase> <!-- testTitle -->
  <testcase classname="ParallelTesting.ParamTest" name="testURL" time="0.0">
    <skipped/>
  </testcase> <!-- testURL -->
</testsuite> <!-- safaritest -->
