<?xml version="1.0" encoding="UTF-8"?>
<!-- Generated by org.testng.reporters.JUnitXMLReporter -->
<testsuite ignored="0" hostname="Nidhis-MacBook-Pro.local" failures="0" tests="3" name="Test" time="30.567" errors="0" timestamp="2024-07-29T12:43:10 MST">
  <testcase classname="day45_dataptovider_paralleltesting.ParamTest" name="testLogo" time="0.845"/>
  <testcase classname="day45_dataptovider_paralleltesting.ParamTest" name="testTitle" time="0.016"/>
  <testcase classname="day45_dataptovider_paralleltesting.ParamTest" name="testURL" time="0.011"/>
</testsuite> <!-- Test -->
