<?xml version="1.0" encoding="UTF-8"?>
<testng-results ignored="0" total="3" passed="3" failed="0" skipped="0">
  <reporter-output>
  </reporter-output>
  <suite started-at="2025-05-09T17:06:38 MST" name="Default suite" finished-at="2025-05-09T17:06:39 MST" duration-ms="396">
    <groups>
    </groups>
    <test started-at="2025-05-09T17:06:38 MST" name="Default test" finished-at="2025-05-09T17:06:39 MST" duration-ms="396">
      <class name="day42.FirstTestCase">
        <test-method signature="login()[pri:2, instance:day42.FirstTestCase@58be6e8]" started-at="2025-05-09T17:06:38 MST" name="login" finished-at="2025-05-09T17:06:38 MST" duration-ms="208" status="PASS">
          <reporter-output>
          </reporter-output>
        </test-method> <!-- login -->
        <test-method signature="logout()[pri:3, instance:day42.FirstTestCase@58be6e8]" started-at="2025-05-09T17:06:39 MST" name="logout" finished-at="2025-05-09T17:06:39 MST" duration-ms="6" status="PASS">
          <reporter-output>
          </reporter-output>
        </test-method> <!-- logout -->
        <test-method signature="opeapp()[pri:4, instance:day42.FirstTestCase@58be6e8]" started-at="2025-05-09T17:06:39 MST" name="opeapp" finished-at="2025-05-09T17:06:39 MST" duration-ms="3" status="PASS">
          <reporter-output>
          </reporter-output>
        </test-method> <!-- opeapp -->
      </class> <!-- day42.FirstTestCase -->
    </test> <!-- Default test -->
  </suite> <!-- Default suite -->
</testng-results>
